[debug] [2022-07-15T09:54:09.554Z] ----------------------------------------------------------------------
[debug] [2022-07-15T09:54:09.558Z] Command:       C:\Program Files\nodejs\node.exe C:\Users\HC\AppData\Roaming\npm\node_modules\firebase-tools\lib\bin\firebase.js deploy
[debug] [2022-07-15T09:54:09.558Z] CLI Version:   11.1.0
[debug] [2022-07-15T09:54:09.559Z] Platform:      win32
[debug] [2022-07-15T09:54:09.559Z] Node Version:  v16.15.1
[debug] [2022-07-15T09:54:09.563Z] Time:          Fri Jul 15 2022 15:54:09 GMT+0600 (Bangladesh Standard Time)
[debug] [2022-07-15T09:54:09.564Z] ----------------------------------------------------------------------
[debug] 
[debug] [2022-07-15T09:54:09.570Z] >>> [apiv2][query] GET https://firebase-public.firebaseio.com/cli.json [none]
[debug] [2022-07-15T09:54:09.692Z] > command requires scopes: ["email","openid","https://www.googleapis.com/auth/cloudplatformprojects.readonly","https://www.googleapis.com/auth/firebase","https://www.googleapis.com/auth/cloud-platform"]
[debug] [2022-07-15T09:54:09.693Z] > authorizing via signed-in user (mdriazuddin417@gmail.com)
[debug] [2022-07-15T09:54:09.697Z] [iam] checking project kaitind-restauran for permissions ["firebase.projects.get","firebasehosting.sites.update"]
[debug] [2022-07-15T09:54:09.699Z] > refreshing access token with scopes: []
[debug] [2022-07-15T09:54:09.700Z] >>> [apiv2][query] POST https://www.googleapis.com/oauth2/v3/token [none]
[debug] [2022-07-15T09:54:09.700Z] >>> [apiv2][body] POST https://www.googleapis.com/oauth2/v3/token [omitted]
[debug] [2022-07-15T09:54:10.303Z] <<< [apiv2][status] POST https://www.googleapis.com/oauth2/v3/token 200
[debug] [2022-07-15T09:54:10.304Z] <<< [apiv2][body] POST https://www.googleapis.com/oauth2/v3/token [omitted]
[debug] [2022-07-15T09:54:10.322Z] >>> [apiv2][query] POST https://cloudresourcemanager.googleapis.com/v1/projects/kaitind-restauran:testIamPermissions [none]
[debug] [2022-07-15T09:54:10.322Z] >>> [apiv2][body] POST https://cloudresourcemanager.googleapis.com/v1/projects/kaitind-restauran:testIamPermissions {"permissions":["firebase.projects.get","firebasehosting.sites.update"]}
[debug] [2022-07-15T09:54:10.687Z] <<< [apiv2][status] GET https://firebase-public.firebaseio.com/cli.json 200
[debug] [2022-07-15T09:54:10.688Z] <<< [apiv2][body] GET https://firebase-public.firebaseio.com/cli.json {"cloudBuildErrorAfter":1594252800000,"cloudBuildWarnAfter":1590019200000,"defaultNode10After":1594252800000,"minVersion":"3.0.5","node8DeploysDisabledAfter":1613390400000,"node8RuntimeDisabledAfter":1615809600000,"node8WarnAfter":1600128000000}
[debug] [2022-07-15T09:54:12.150Z] <<< [apiv2][status] POST https://cloudresourcemanager.googleapis.com/v1/projects/kaitind-restauran:testIamPermissions 200
[debug] [2022-07-15T09:54:12.150Z] <<< [apiv2][body] POST https://cloudresourcemanager.googleapis.com/v1/projects/kaitind-restauran:testIamPermissions {"permissions":["firebase.projects.get","firebasehosting.sites.update"]}
[debug] [2022-07-15T09:54:12.153Z] >>> [apiv2][query] GET https://firebase.googleapis.com/v1beta1/projects/kaitind-restauran [none]
[debug] [2022-07-15T09:54:12.892Z] <<< [apiv2][status] GET https://firebase.googleapis.com/v1beta1/projects/kaitind-restauran 200
[debug] [2022-07-15T09:54:12.892Z] <<< [apiv2][body] GET https://firebase.googleapis.com/v1beta1/projects/kaitind-restauran {"projectId":"kaitind-restauran","projectNumber":"472838258178","displayName":"kaitind-restauran","name":"projects/kaitind-restauran","resources":{"hostingSite":"kaitind-restauran"},"state":"ACTIVE"}
[info] 
[info] === Deploying to 'kaitind-restauran'...
[info] 
[info] i  deploying hosting 
[debug] [2022-07-15T09:54:12.904Z] >>> [apiv2][query] GET https://firebase.googleapis.com/v1beta1/projects/kaitind-restauran [none]
[debug] [2022-07-15T09:54:13.518Z] <<< [apiv2][status] GET https://firebase.googleapis.com/v1beta1/projects/kaitind-restauran 200
[debug] [2022-07-15T09:54:13.519Z] <<< [apiv2][body] GET https://firebase.googleapis.com/v1beta1/projects/kaitind-restauran {"projectId":"kaitind-restauran","projectNumber":"472838258178","displayName":"kaitind-restauran","name":"projects/kaitind-restauran","resources":{"hostingSite":"kaitind-restauran"},"state":"ACTIVE"}
[debug] [2022-07-15T09:54:13.522Z] >>> [apiv2][query] POST https://firebasehosting.googleapis.com/v1beta1/projects/472838258178/sites/kaitind-restauran/versions [none]
[debug] [2022-07-15T09:54:13.522Z] >>> [apiv2][body] POST https://firebasehosting.googleapis.com/v1beta1/projects/472838258178/sites/kaitind-restauran/versions {"config":{"rewrites":[{"glob":"**","path":"/index.html"}]},"labels":{"deployment-tool":"cli-firebase"}}
[debug] [2022-07-15T09:54:15.887Z] <<< [apiv2][status] POST https://firebasehosting.googleapis.com/v1beta1/projects/472838258178/sites/kaitind-restauran/versions 200
[debug] [2022-07-15T09:54:15.887Z] <<< [apiv2][body] POST https://firebasehosting.googleapis.com/v1beta1/projects/472838258178/sites/kaitind-restauran/versions {"name":"projects/472838258178/sites/kaitind-restauran/versions/e68a04715a155d17","status":"CREATED","config":{"rewrites":[{"glob":"**","path":"/index.html"}]},"labels":{"deployment-tool":"cli-firebase"}}
[info] i  hosting[kaitind-restauran]: beginning deploy... 
[info] i  hosting[kaitind-restauran]: found 18 files in build 
[debug] [2022-07-15T09:54:15.905Z] [hosting] uploading with 200 concurrency
[debug] [2022-07-15T09:54:17.042Z] [hosting] hash cache [YnVpbGQ] stored for 18 files
[debug] [2022-07-15T09:54:17.043Z] [hosting][hash queue][FINAL] {"max":1127,"min":4,"avg":76.33333333333333,"active":0,"complete":18,"success":18,"errored":0,"retried":0,"total":18,"elapsed":1136}
[debug] [2022-07-15T09:54:17.043Z] >>> [apiv2][query] POST https://firebasehosting.googleapis.com/v1beta1/projects/472838258178/sites/kaitind-restauran/versions/e68a04715a155d17:populateFiles [none]
[debug] [2022-07-15T09:54:17.043Z] >>> [apiv2][body] POST https://firebasehosting.googleapis.com/v1beta1/projects/472838258178/sites/kaitind-restauran/versions/e68a04715a155d17:populateFiles {"files":{"/favicon.ico":"d3e09075ee099e30cf31fe5a997df30cd62878036e05b22e1bb2811261dc4eb1","/logo192.png":"3ee59515172ee198f3be375979df15ac5345183e656720a381b8872b2a39dc8b","/logo512.png":"ee7e2f3fdb8209c4b6fd7bef6ba50d1b9dba30a25bb5c3126df057e1cb6f5331","/manifest.json":"aff3449bdc238776f5d6d967f19ec491b36aed5fb7f23ccff6500736fd58494a","/products.json":"fd587a03d832b04bc518abd2f896c7eb1c59383e54fffeadd23fd6afd7790df5","/robots.txt":"bfe106a3fb878dc83461c86818bf74fc1bdc7f28538ba613cd3e775516ce8b49","/asset-manifest.json":"2502305b7de9052995aedfe6c84dddfb5349f2ef9e82d23fa8a863f7ce58572c","/index.html":"c03c41c9709731f1f44ffc6920a0a1893ff1fc07e6e6fb1b322dba9d996f26a2","/static/js/787.f06f4c30.chunk.js.map":"9d6bd917908977ff862bfa904904d100191d96da57fa0aca1aa4db5cbcb56cb4","/static/js/main.e8ba4aa6.js.LICENSE.txt":"9fc11873fb68a0e19709423431ebb205aac248d12e73c6085f3a48b78ca87394","/static/js/787.f06f4c30.chunk.js":"e2ffc243edb3625e77895f7822ed4c0a022205dccc2288403fbdb6047290e45e","/static/media/paypal.1e0749b99ba3b3a631ac.png":"0ae2f4581cbc168cc1ff5c8a3c37a23a3a55c5068ce29707709ad8c3fa5af2e5","/static/media/card.537cc04234db6941117d.png":"95b9a7a01cef7d9cc6fb24c3ea5332ba8c93375172a36d3a4aa2ababb8775c3f","/static/media/logo2.a5110bfce49dc4f7f77f.png":"4ae963ca2b0399bf889b5d472c301c0c85775d37349c736317319b7d6c9a32ea","/static/css/main.6ef919b4.css.map":"cd67e8116e08830903b46e033d5f352f829f6a2c2ed4ab46a1eb73b92b80e510","/static/css/main.6ef919b4.css":"d8a2104d6969423227bc502bc0db891042738b737e04306a61170304c4e6db77","/static/js/main.e8ba4aa6.js":"6192d122e6d52674318a603c9d5c8dcda41557818231720ed8d72d4a4150a209","/static/js/main.e8ba4aa6.js.map":"b49fe78a3d08ec154d2ba29e465e1e84891428d351303f68a756803e20bdc420"}}
[debug] [2022-07-15T09:54:27.502Z] <<< [apiv2][status] POST https://firebasehosting.googleapis.com/v1beta1/projects/472838258178/sites/kaitind-restauran/versions/e68a04715a155d17:populateFiles 200
[debug] [2022-07-15T09:54:27.503Z] <<< [apiv2][body] POST https://firebasehosting.googleapis.com/v1beta1/projects/472838258178/sites/kaitind-restauran/versions/e68a04715a155d17:populateFiles {"uploadRequiredHashes":["b49fe78a3d08ec154d2ba29e465e1e84891428d351303f68a756803e20bdc420","2502305b7de9052995aedfe6c84dddfb5349f2ef9e82d23fa8a863f7ce58572c","c03c41c9709731f1f44ffc6920a0a1893ff1fc07e6e6fb1b322dba9d996f26a2","cd67e8116e08830903b46e033d5f352f829f6a2c2ed4ab46a1eb73b92b80e510","d8a2104d6969423227bc502bc0db891042738b737e04306a61170304c4e6db77","6192d122e6d52674318a603c9d5c8dcda41557818231720ed8d72d4a4150a209"],"uploadUrl":"https://upload-firebasehosting.googleapis.com/upload/sites/kaitind-restauran/versions/e68a04715a155d17/files"}
[debug] [2022-07-15T09:54:27.508Z] >>> [apiv2][query] POST https://upload-firebasehosting.googleapis.com/upload/sites/kaitind-restauran/versions/e68a04715a155d17/files/b49fe78a3d08ec154d2ba29e465e1e84891428d351303f68a756803e20bdc420 [none]
[debug] [2022-07-15T09:54:27.508Z] >>> [apiv2][body] POST https://upload-firebasehosting.googleapis.com/upload/sites/kaitind-restauran/versions/e68a04715a155d17/files/b49fe78a3d08ec154d2ba29e465e1e84891428d351303f68a756803e20bdc420 [stream]
[debug] [2022-07-15T09:54:27.511Z] >>> [apiv2][query] POST https://upload-firebasehosting.googleapis.com/upload/sites/kaitind-restauran/versions/e68a04715a155d17/files/2502305b7de9052995aedfe6c84dddfb5349f2ef9e82d23fa8a863f7ce58572c [none]
[debug] [2022-07-15T09:54:27.512Z] >>> [apiv2][body] POST https://upload-firebasehosting.googleapis.com/upload/sites/kaitind-restauran/versions/e68a04715a155d17/files/2502305b7de9052995aedfe6c84dddfb5349f2ef9e82d23fa8a863f7ce58572c [stream]
[debug] [2022-07-15T09:54:27.514Z] >>> [apiv2][query] POST https://upload-firebasehosting.googleapis.com/upload/sites/kaitind-restauran/versions/e68a04715a155d17/files/c03c41c9709731f1f44ffc6920a0a1893ff1fc07e6e6fb1b322dba9d996f26a2 [none]
[debug] [2022-07-15T09:54:27.515Z] >>> [apiv2][body] POST https://upload-firebasehosting.googleapis.com/upload/sites/kaitind-restauran/versions/e68a04715a155d17/files/c03c41c9709731f1f44ffc6920a0a1893ff1fc07e6e6fb1b322dba9d996f26a2 [stream]
[debug] [2022-07-15T09:54:27.518Z] >>> [apiv2][query] POST https://upload-firebasehosting.googleapis.com/upload/sites/kaitind-restauran/versions/e68a04715a155d17/files/cd67e8116e08830903b46e033d5f352f829f6a2c2ed4ab46a1eb73b92b80e510 [none]
[debug] [2022-07-15T09:54:27.518Z] >>> [apiv2][body] POST https://upload-firebasehosting.googleapis.com/upload/sites/kaitind-restauran/versions/e68a04715a155d17/files/cd67e8116e08830903b46e033d5f352f829f6a2c2ed4ab46a1eb73b92b80e510 [stream]
[debug] [2022-07-15T09:54:27.520Z] >>> [apiv2][query] POST https://upload-firebasehosting.googleapis.com/upload/sites/kaitind-restauran/versions/e68a04715a155d17/files/d8a2104d6969423227bc502bc0db891042738b737e04306a61170304c4e6db77 [none]
[debug] [2022-07-15T09:54:27.521Z] >>> [apiv2][body] POST https://upload-firebasehosting.googleapis.com/upload/sites/kaitind-restauran/versions/e68a04715a155d17/files/d8a2104d6969423227bc502bc0db891042738b737e04306a61170304c4e6db77 [stream]
[debug] [2022-07-15T09:54:27.523Z] >>> [apiv2][query] POST https://upload-firebasehosting.googleapis.com/upload/sites/kaitind-restauran/versions/e68a04715a155d17/files/6192d122e6d52674318a603c9d5c8dcda41557818231720ed8d72d4a4150a209 [none]
[debug] [2022-07-15T09:54:27.523Z] >>> [apiv2][body] POST https://upload-firebasehosting.googleapis.com/upload/sites/kaitind-restauran/versions/e68a04715a155d17/files/6192d122e6d52674318a603c9d5c8dcda41557818231720ed8d72d4a4150a209 [stream]
[debug] [2022-07-15T09:54:27.526Z] [hosting][populate queue][FINAL] {"max":10467,"min":10467,"avg":10467,"active":0,"complete":1,"success":1,"errored":0,"retried":0,"total":1,"elapsed":10486}
[debug] [2022-07-15T09:54:27.526Z] [hosting] uploads queued: 6
[debug] [2022-07-15T09:54:32.416Z] <<< [apiv2][status] POST https://upload-firebasehosting.googleapis.com/upload/sites/kaitind-restauran/versions/e68a04715a155d17/files/c03c41c9709731f1f44ffc6920a0a1893ff1fc07e6e6fb1b322dba9d996f26a2 200
[debug] [2022-07-15T09:54:32.416Z] <<< [apiv2][body] POST https://upload-firebasehosting.googleapis.com/upload/sites/kaitind-restauran/versions/e68a04715a155d17/files/c03c41c9709731f1f44ffc6920a0a1893ff1fc07e6e6fb1b322dba9d996f26a2 [stream]
[debug] [2022-07-15T09:54:33.394Z] <<< [apiv2][status] POST https://upload-firebasehosting.googleapis.com/upload/sites/kaitind-restauran/versions/e68a04715a155d17/files/2502305b7de9052995aedfe6c84dddfb5349f2ef9e82d23fa8a863f7ce58572c 200
[debug] [2022-07-15T09:54:33.395Z] <<< [apiv2][body] POST https://upload-firebasehosting.googleapis.com/upload/sites/kaitind-restauran/versions/e68a04715a155d17/files/2502305b7de9052995aedfe6c84dddfb5349f2ef9e82d23fa8a863f7ce58572c [stream]
[debug] [2022-07-15T09:54:37.409Z] <<< [apiv2][status] POST https://upload-firebasehosting.googleapis.com/upload/sites/kaitind-restauran/versions/e68a04715a155d17/files/cd67e8116e08830903b46e033d5f352f829f6a2c2ed4ab46a1eb73b92b80e510 200
[debug] [2022-07-15T09:54:37.409Z] <<< [apiv2][body] POST https://upload-firebasehosting.googleapis.com/upload/sites/kaitind-restauran/versions/e68a04715a155d17/files/cd67e8116e08830903b46e033d5f352f829f6a2c2ed4ab46a1eb73b92b80e510 [stream]
[debug] [2022-07-15T09:54:43.463Z] <<< [apiv2][status] POST https://upload-firebasehosting.googleapis.com/upload/sites/kaitind-restauran/versions/e68a04715a155d17/files/d8a2104d6969423227bc502bc0db891042738b737e04306a61170304c4e6db77 200
[debug] [2022-07-15T09:54:43.463Z] <<< [apiv2][body] POST https://upload-firebasehosting.googleapis.com/upload/sites/kaitind-restauran/versions/e68a04715a155d17/files/d8a2104d6969423227bc502bc0db891042738b737e04306a61170304c4e6db77 [stream]
[debug] [2022-07-15T09:54:53.970Z] <<< [apiv2][status] POST https://upload-firebasehosting.googleapis.com/upload/sites/kaitind-restauran/versions/e68a04715a155d17/files/6192d122e6d52674318a603c9d5c8dcda41557818231720ed8d72d4a4150a209 200
[debug] [2022-07-15T09:54:53.970Z] <<< [apiv2][body] POST https://upload-firebasehosting.googleapis.com/upload/sites/kaitind-restauran/versions/e68a04715a155d17/files/6192d122e6d52674318a603c9d5c8dcda41557818231720ed8d72d4a4150a209 [stream]
[debug] [2022-07-15T09:58:17.352Z] [uploadQueue] Retrying task b49fe78a3d08ec154d2ba29e465e1e84891428d351303f68a756803e20bdc420
[debug] [2022-07-15T09:58:17.354Z] >>> [apiv2][query] POST https://upload-firebasehosting.googleapis.com/upload/sites/kaitind-restauran/versions/e68a04715a155d17/files/b49fe78a3d08ec154d2ba29e465e1e84891428d351303f68a756803e20bdc420 [none]
[debug] [2022-07-15T09:58:17.354Z] >>> [apiv2][body] POST https://upload-firebasehosting.googleapis.com/upload/sites/kaitind-restauran/versions/e68a04715a155d17/files/b49fe78a3d08ec154d2ba29e465e1e84891428d351303f68a756803e20bdc420 [stream]
[debug] [2022-07-15T10:02:07.607Z] [uploadQueue] Retrying task b49fe78a3d08ec154d2ba29e465e1e84891428d351303f68a756803e20bdc420
[debug] [2022-07-15T10:02:07.609Z] >>> [apiv2][query] POST https://upload-firebasehosting.googleapis.com/upload/sites/kaitind-restauran/versions/e68a04715a155d17/files/b49fe78a3d08ec154d2ba29e465e1e84891428d351303f68a756803e20bdc420 [none]
[debug] [2022-07-15T10:02:07.609Z] >>> [apiv2][body] POST https://upload-firebasehosting.googleapis.com/upload/sites/kaitind-restauran/versions/e68a04715a155d17/files/b49fe78a3d08ec154d2ba29e465e1e84891428d351303f68a756803e20bdc420 [stream]
[debug] [2022-07-15T10:05:58.658Z] [uploadQueue] Retrying task b49fe78a3d08ec154d2ba29e465e1e84891428d351303f68a756803e20bdc420
[debug] [2022-07-15T10:05:58.660Z] >>> [apiv2][query] POST https://upload-firebasehosting.googleapis.com/upload/sites/kaitind-restauran/versions/e68a04715a155d17/files/b49fe78a3d08ec154d2ba29e465e1e84891428d351303f68a756803e20bdc420 [none]
[debug] [2022-07-15T10:05:58.660Z] >>> [apiv2][body] POST https://upload-firebasehosting.googleapis.com/upload/sites/kaitind-restauran/versions/e68a04715a155d17/files/b49fe78a3d08ec154d2ba29e465e1e84891428d351303f68a756803e20bdc420 [stream]
[debug] [2022-07-15T10:09:51.321Z] [uploadQueue] Retrying task b49fe78a3d08ec154d2ba29e465e1e84891428d351303f68a756803e20bdc420
[debug] [2022-07-15T10:09:51.323Z] >>> [apiv2][query] POST https://upload-firebasehosting.googleapis.com/upload/sites/kaitind-restauran/versions/e68a04715a155d17/files/b49fe78a3d08ec154d2ba29e465e1e84891428d351303f68a756803e20bdc420 [none]
[debug] [2022-07-15T10:09:51.324Z] >>> [apiv2][body] POST https://upload-firebasehosting.googleapis.com/upload/sites/kaitind-restauran/versions/e68a04715a155d17/files/b49fe78a3d08ec154d2ba29e465e1e84891428d351303f68a756803e20bdc420 [stream]
[debug] [2022-07-15T10:10:09.562Z] [uploadQueue] Retrying task b49fe78a3d08ec154d2ba29e465e1e84891428d351303f68a756803e20bdc420
[debug] [2022-07-15T10:10:09.563Z] >>> [apiv2][query] POST https://upload-firebasehosting.googleapis.com/upload/sites/kaitind-restauran/versions/e68a04715a155d17/files/b49fe78a3d08ec154d2ba29e465e1e84891428d351303f68a756803e20bdc420 [none]
[debug] [2022-07-15T10:10:09.563Z] >>> [apiv2][body] POST https://upload-firebasehosting.googleapis.com/upload/sites/kaitind-restauran/versions/e68a04715a155d17/files/b49fe78a3d08ec154d2ba29e465e1e84891428d351303f68a756803e20bdc420 [stream]
